This is pdfTeX, Version 3.141592653-2.6-1.40.25 (TeX Live 2023) (preloaded format=pdflatex 2023.4.4)  5 APR 2023 14:15
entering extended mode
 restricted \write18 enabled.
 %&-line parsing enabled.
**"D:/Uni/SS 2023/Master's thesis/Latex/My_thesis/Chapters/Chapter1.tex"
(d:/Uni/SS 2023/Master's thesis/Latex/My_thesis/Chapters/Chapter1.tex
LaTeX2e <2022-11-01> patch level 1
L3 programming layer <2023-03-30>
! Undefined control sequence.
l.3 \chapter
            {Chapter Title Here} % Main chapter title 
Here is how much of TeX's memory you used:
 18 strings out of 477977
 613 string characters out of 5837000
 1849660 words of memory out of 5000000
 20324 multiletter control sequences out of 15000+600000
 512287 words of font info for 32 fonts, out of 8000000 for 9000
 14 hyphenation exceptions out of 8191
 13i,0n,12p,122b,10s stack positions out of 10000i,1000n,20000p,200000b,200000s

!  ==> Fatal error occurred, no output PDF file produced!
